<?xml version="1.0" encoding="UTF-8"?>
<!-- Generated by org.testng.reporters.JUnitXMLReporter -->
<testsuite ignored="0" hostname="DESKTOP-3O9T5AI" failures="0" tests="4" name="Test" time="0.283" errors="0" timestamp="2022-10-03T06:10:50 IST">
  <testcase classname="jeninsdemo.DemoTest" name="tc4" time="0.033"/>
  <testcase classname="jeninsdemo.DemoTest1" name="tc1" time="0.004"/>
  <testcase classname="jeninsdemo.DemoTest2" name="tc2" time="0.004"/>
  <testcase classname="jeninsdemo.DemoTest3" name="tc3" time="0.003"/>
</testsuite> <!-- Test -->
