<?xml version="1.0" encoding="UTF-8"?>
<testng-results ignored="0" total="4" passed="4" failed="0" skipped="0">
  <reporter-output>
    <line>
      <![CDATA[Helo appiium]]>
    </line>
    <line>
      <![CDATA[Helo java]]>
    </line>
    <line>
      <![CDATA[Helo selenium]]>
    </line>
    <line>
      <![CDATA[Helo appium]]>
    </line>
  </reporter-output>
  <suite started-at="2022-10-03T06:10:50 IST" name="Suite" finished-at="2022-10-03T06:10:50 IST" duration-ms="283">
    <groups>
    </groups>
    <test started-at="2022-10-03T06:10:50 IST" name="Test" finished-at="2022-10-03T06:10:50 IST" duration-ms="283">
      <class name="jeninsdemo.DemoTest1">
        <test-method signature="tc1()[pri:0, instance:jeninsdemo.DemoTest1@3059cbc]" started-at="2022-10-03T06:10:50 IST" name="tc1" finished-at="2022-10-03T06:10:50 IST" duration-ms="4" status="PASS">
          <reporter-output>
            <line>
              <![CDATA[Helo java]]>
            </line>
          </reporter-output>
        </test-method> <!-- tc1 -->
      </class> <!-- jeninsdemo.DemoTest1 -->
      <class name="jeninsdemo.DemoTest2">
        <test-method signature="tc2()[pri:0, instance:jeninsdemo.DemoTest2@7ea9e1e2]" started-at="2022-10-03T06:10:50 IST" name="tc2" finished-at="2022-10-03T06:10:50 IST" duration-ms="4" status="PASS">
          <reporter-output>
            <line>
              <![CDATA[Helo selenium]]>
            </line>
          </reporter-output>
        </test-method> <!-- tc2 -->
      </class> <!-- jeninsdemo.DemoTest2 -->
      <class name="jeninsdemo.DemoTest3">
        <test-method signature="tc3()[pri:0, instance:jeninsdemo.DemoTest3@24fcf36f]" started-at="2022-10-03T06:10:50 IST" name="tc3" finished-at="2022-10-03T06:10:50 IST" duration-ms="3" status="PASS">
          <reporter-output>
            <line>
              <![CDATA[Helo appium]]>
            </line>
          </reporter-output>
        </test-method> <!-- tc3 -->
      </class> <!-- jeninsdemo.DemoTest3 -->
      <class name="jeninsdemo.DemoTest">
        <test-method signature="tc4()[pri:0, instance:jeninsdemo.DemoTest@702b8b12]" started-at="2022-10-03T06:10:50 IST" name="tc4" finished-at="2022-10-03T06:10:50 IST" duration-ms="33" status="PASS">
          <reporter-output>
            <line>
              <![CDATA[Helo appiium]]>
            </line>
          </reporter-output>
        </test-method> <!-- tc4 -->
      </class> <!-- jeninsdemo.DemoTest -->
    </test> <!-- Test -->
  </suite> <!-- Suite -->
</testng-results>
